android/app/build/intermediates/manifest_merge_blame_file/debug/manifest-merger-blame-debug-report.txt
1<?xml version="1.0" encoding="utf-8"?>
2<manifest xmlns:android="http://schemas.android.com/apk/res/android"
3    package="com.nexus.satellite"
4    android:versionCode="383"
5    android:versionName="3.8.3" >
6
7    <uses-sdk
8        android:minSdkVersion="24"
9        android:targetSdkVersion="34" />
10
11    <!-- Network & Socket Permissions -->
12    <uses-permission android:name="android.permission.INTERNET" />
12-->src\main\AndroidManifest.xml:5:5-67
12-->src\main\AndroidManifest.xml:5:22-64
13    <uses-permission android:name="android.permission.ACCESS_NETWORK_STATE" />
13-->src\main\AndroidManifest.xml:6:5-79
13-->src\main\AndroidManifest.xml:6:22-76
14    <uses-permission android:name="android.permission.ACCESS_WIFI_STATE" />
14-->src\main\AndroidManifest.xml:7:5-76
14-->src\main\AndroidManifest.xml:7:22-73
15    <uses-permission android:name="android.permission.CHANGE_WIFI_MULTICAST_STATE" />
15-->src\main\AndroidManifest.xml:8:5-86
15-->src\main\AndroidManifest.xml:8:22-83
16
17    <!-- 24/7 Background Execution Permissions -->
18    <uses-permission android:name="android.permission.WAKE_LOCK" />
18-->src\main\AndroidManifest.xml:11:5-68
18-->src\main\AndroidManifest.xml:11:22-65
19    <uses-permission android:name="android.permission.FOREGROUND_SERVICE" />
19-->src\main\AndroidManifest.xml:12:5-77
19-->src\main\AndroidManifest.xml:12:22-74
20    <uses-permission android:name="android.permission.RECEIVE_BOOT_COMPLETED" />
20-->src\main\AndroidManifest.xml:13:5-81
20-->src\main\AndroidManifest.xml:13:22-78
21    <uses-permission android:name="android.permission.POST_NOTIFICATIONS" />
21-->src\main\AndroidManifest.xml:14:5-77
21-->src\main\AndroidManifest.xml:14:22-74
22
23    <!-- Required by older versions of Google Play services to create IID tokens -->
24    <uses-permission android:name="com.google.android.c2dm.permission.RECEIVE" />
24-->[com.google.firebase:firebase-messaging:24.1.0] AndroidManifest.xml:26:5-82
24-->[com.google.firebase:firebase-messaging:24.1.0] AndroidManifest.xml:26:22-79
25
26    <permission
26-->[androidx.core:core:1.9.0] AndroidManifest.xml:22:5-24:47
27        android:name="com.nexus.satellite.DYNAMIC_RECEIVER_NOT_EXPORTED_PERMISSION"
27-->[androidx.core:core:1.9.0] AndroidManifest.xml:23:9-81
28        android:protectionLevel="signature" />
28-->[androidx.core:core:1.9.0] AndroidManifest.xml:24:9-44
29
30    <uses-permission android:name="com.nexus.satellite.DYNAMIC_RECEIVER_NOT_EXPORTED_PERMISSION" />
30-->[androidx.core:core:1.9.0] AndroidManifest.xml:26:5-97
30-->[androidx.core:core:1.9.0] AndroidManifest.xml:26:22-94
31
32    <application
32-->src\main\AndroidManifest.xml:16:5-57:19
33        android:allowBackup="true"
33-->src\main\AndroidManifest.xml:17:9-35
34        android:appComponentFactory="androidx.core.app.CoreComponentFactory"
34-->[androidx.core:core:1.9.0] AndroidManifest.xml:28:18-86
35        android:debuggable="true"
36        android:extractNativeLibs="false"
37        android:icon="@android:drawable/sym_def_app_icon"
37-->src\main\AndroidManifest.xml:18:9-58
38        android:label="Nexus Satellite"
38-->src\main\AndroidManifest.xml:19:9-40
39        android:roundIcon="@android:drawable/sym_def_app_icon"
39-->src\main\AndroidManifest.xml:20:9-63
40        android:supportsRtl="true"
40-->src\main\AndroidManifest.xml:21:9-35
41        android:theme="@style/Theme.NexusSatellite"
41-->src\main\AndroidManifest.xml:22:9-52
42        android:usesCleartextTraffic="true" >
42-->src\main\AndroidManifest.xml:23:9-44
43        <activity
43-->src\main\AndroidManifest.xml:25:9-33:20
44            android:name="com.nexus.satellite.MainActivity"
44-->src\main\AndroidManifest.xml:26:13-41
45            android:exported="true"
45-->src\main\AndroidManifest.xml:27:13-36
46            android:windowSoftInputMode="adjustResize" >
46-->src\main\AndroidManifest.xml:28:13-55
47            <intent-filter>
47-->src\main\AndroidManifest.xml:29:13-32:29
48                <action android:name="android.intent.action.MAIN" />
48-->src\main\AndroidManifest.xml:30:17-69
48-->src\main\AndroidManifest.xml:30:25-66
49
50                <category android:name="android.intent.category.LAUNCHER" />
50-->src\main\AndroidManifest.xml:31:17-77
50-->src\main\AndroidManifest.xml:31:27-74
51            </intent-filter>
52        </activity>
53
54        <service
54-->src\main\AndroidManifest.xml:35:9-38:40
55            android:name="com.nexus.satellite.RelayService"
55-->src\main\AndroidManifest.xml:36:13-41
56            android:enabled="true"
56-->src\main\AndroidManifest.xml:37:13-35
57            android:exported="false" />
57-->src\main\AndroidManifest.xml:38:13-37
58        <service
58-->src\main\AndroidManifest.xml:40:9-46:19
59            android:name="com.nexus.satellite.NexusFirebaseMessagingService"
59-->src\main\AndroidManifest.xml:41:13-58
60            android:exported="false" >
60-->src\main\AndroidManifest.xml:42:13-37
61            <intent-filter>
61-->src\main\AndroidManifest.xml:43:13-45:29
62                <action android:name="com.google.firebase.MESSAGING_EVENT" />
62-->src\main\AndroidManifest.xml:44:17-78
62-->src\main\AndroidManifest.xml:44:25-75
63            </intent-filter>
64        </service>
65
66        <receiver
66-->src\main\AndroidManifest.xml:48:9-55:20
67            android:name="com.nexus.satellite.BootReceiver"
67-->src\main\AndroidManifest.xml:49:13-41
68            android:enabled="true"
68-->src\main\AndroidManifest.xml:50:13-35
69            android:exported="true" >
69-->src\main\AndroidManifest.xml:51:13-36
70            <intent-filter>
70-->src\main\AndroidManifest.xml:52:13-54:29
71                <action android:name="android.intent.action.BOOT_COMPLETED" />
71-->src\main\AndroidManifest.xml:53:17-79
71-->src\main\AndroidManifest.xml:53:25-76
72            </intent-filter>
73        </receiver>
74        <receiver
74-->[com.google.firebase:firebase-messaging:24.1.0] AndroidManifest.xml:29:9-40:20
75            android:name="com.google.firebase.iid.FirebaseInstanceIdReceiver"
75-->[com.google.firebase:firebase-messaging:24.1.0] AndroidManifest.xml:30:13-78
76            android:exported="true"
76-->[com.google.firebase:firebase-messaging:24.1.0] AndroidManifest.xml:31:13-36
77            android:permission="com.google.android.c2dm.permission.SEND" >
77-->[com.google.firebase:firebase-messaging:24.1.0] AndroidManifest.xml:32:13-73
78            <intent-filter>
78-->[com.google.firebase:firebase-messaging:24.1.0] AndroidManifest.xml:33:13-35:29
79                <action android:name="com.google.android.c2dm.intent.RECEIVE" />
79-->[com.google.firebase:firebase-messaging:24.1.0] AndroidManifest.xml:34:17-81
79-->[com.google.firebase:firebase-messaging:24.1.0] AndroidManifest.xml:34:25-78
80            </intent-filter>
81
82            <meta-data
82-->[com.google.firebase:firebase-messaging:24.1.0] AndroidManifest.xml:37:13-39:40
83                android:name="com.google.android.gms.cloudmessaging.FINISHED_AFTER_HANDLED"
83-->[com.google.firebase:firebase-messaging:24.1.0] AndroidManifest.xml:38:17-92
84                android:value="true" />
84-->[com.google.firebase:firebase-messaging:24.1.0] AndroidManifest.xml:39:17-37
85        </receiver>
86        <!--
87             FirebaseMessagingService performs security checks at runtime,
88             but set to not exported to explicitly avoid allowing another app to call it.
89        -->
90        <service
90-->[com.google.firebase:firebase-messaging:24.1.0] AndroidManifest.xml:46:9-53:19
91            android:name="com.google.firebase.messaging.FirebaseMessagingService"
91-->[com.google.firebase:firebase-messaging:24.1.0] AndroidManifest.xml:47:13-82
92            android:directBootAware="true"
92-->[com.google.firebase:firebase-messaging:24.1.0] AndroidManifest.xml:48:13-43
93            android:exported="false" >
93-->[com.google.firebase:firebase-messaging:24.1.0] AndroidManifest.xml:49:13-37
94            <intent-filter android:priority="-500" >
94-->src\main\AndroidManifest.xml:43:13-45:29
95                <action android:name="com.google.firebase.MESSAGING_EVENT" />
95-->src\main\AndroidManifest.xml:44:17-78
95-->src\main\AndroidManifest.xml:44:25-75
96            </intent-filter>
97        </service>
98        <service
98-->[com.google.firebase:firebase-messaging:24.1.0] AndroidManifest.xml:54:9-63:19
99            android:name="com.google.firebase.components.ComponentDiscoveryService"
99-->[com.google.firebase:firebase-messaging:24.1.0] AndroidManifest.xml:55:13-84
100            android:directBootAware="true"
100-->[com.google.firebase:firebase-common:21.0.0] AndroidManifest.xml:32:13-43
101            android:exported="false" >
101-->[com.google.firebase:firebase-messaging:24.1.0] AndroidManifest.xml:56:13-37
102            <meta-data
102-->[com.google.firebase:firebase-messaging:24.1.0] AndroidManifest.xml:57:13-59:85
103                android:name="com.google.firebase.components:com.google.firebase.messaging.FirebaseMessagingKtxRegistrar"
103-->[com.google.firebase:firebase-messaging:24.1.0] AndroidManifest.xml:58:17-122
104                android:value="com.google.firebase.components.ComponentRegistrar" />
104-->[com.google.firebase:firebase-messaging:24.1.0] AndroidManifest.xml:59:17-82
105            <meta-data
105-->[com.google.firebase:firebase-messaging:24.1.0] AndroidManifest.xml:60:13-62:85
106                android:name="com.google.firebase.components:com.google.firebase.messaging.FirebaseMessagingRegistrar"
106-->[com.google.firebase:firebase-messaging:24.1.0] AndroidManifest.xml:61:17-119
107                android:value="com.google.firebase.components.ComponentRegistrar" />
107-->[com.google.firebase:firebase-messaging:24.1.0] AndroidManifest.xml:62:17-82
108            <meta-data
108-->[com.google.firebase:firebase-datatransport:18.2.0] AndroidManifest.xml:25:13-27:85
109                android:name="com.google.firebase.components:com.google.firebase.datatransport.TransportRegistrar"
109-->[com.google.firebase:firebase-datatransport:18.2.0] AndroidManifest.xml:26:17-115
110                android:value="com.google.firebase.components.ComponentRegistrar" />
110-->[com.google.firebase:firebase-datatransport:18.2.0] AndroidManifest.xml:27:17-82
111            <meta-data
111-->[com.google.firebase:firebase-installations:18.0.0] AndroidManifest.xml:15:13-17:85
112                android:name="com.google.firebase.components:com.google.firebase.installations.FirebaseInstallationsKtxRegistrar"
112-->[com.google.firebase:firebase-installations:18.0.0] AndroidManifest.xml:16:17-130
113                android:value="com.google.firebase.components.ComponentRegistrar" />
113-->[com.google.firebase:firebase-installations:18.0.0] AndroidManifest.xml:17:17-82
114            <meta-data
114-->[com.google.firebase:firebase-installations:18.0.0] AndroidManifest.xml:18:13-20:85
115                android:name="com.google.firebase.components:com.google.firebase.installations.FirebaseInstallationsRegistrar"
115-->[com.google.firebase:firebase-installations:18.0.0] AndroidManifest.xml:19:17-127
116                android:value="com.google.firebase.components.ComponentRegistrar" />
116-->[com.google.firebase:firebase-installations:18.0.0] AndroidManifest.xml:20:17-82
117            <meta-data
117-->[com.google.firebase:firebase-common-ktx:21.0.0] AndroidManifest.xml:12:13-14:85
118                android:name="com.google.firebase.components:com.google.firebase.ktx.FirebaseCommonLegacyRegistrar"
118-->[com.google.firebase:firebase-common-ktx:21.0.0] AndroidManifest.xml:13:17-116
119                android:value="com.google.firebase.components.ComponentRegistrar" />
119-->[com.google.firebase:firebase-common-ktx:21.0.0] AndroidManifest.xml:14:17-82
120            <meta-data
120-->[com.google.firebase:firebase-common:21.0.0] AndroidManifest.xml:35:13-37:85
121                android:name="com.google.firebase.components:com.google.firebase.FirebaseCommonKtxRegistrar"
121-->[com.google.firebase:firebase-common:21.0.0] AndroidManifest.xml:36:17-109
122                android:value="com.google.firebase.components.ComponentRegistrar" />
122-->[com.google.firebase:firebase-common:21.0.0] AndroidManifest.xml:37:17-82
123        </service>
124        <service
124-->[com.google.android.datatransport:transport-backend-cct:3.1.9] AndroidManifest.xml:28:9-34:19
125            android:name="com.google.android.datatransport.runtime.backends.TransportBackendDiscovery"
125-->[com.google.android.datatransport:transport-backend-cct:3.1.9] AndroidManifest.xml:29:13-103
126            android:exported="false" >
126-->[com.google.android.datatransport:transport-backend-cct:3.1.9] AndroidManifest.xml:30:13-37
127            <meta-data
127-->[com.google.android.datatransport:transport-backend-cct:3.1.9] AndroidManifest.xml:31:13-33:39
128                android:name="backend:com.google.android.datatransport.cct.CctBackendFactory"
128-->[com.google.android.datatransport:transport-backend-cct:3.1.9] AndroidManifest.xml:32:17-94
129                android:value="cct" />
129-->[com.google.android.datatransport:transport-backend-cct:3.1.9] AndroidManifest.xml:33:17-36
130        </service>
131        <service
131-->[com.google.android.datatransport:transport-runtime:3.1.9] AndroidManifest.xml:26:9-30:19
132            android:name="com.google.android.datatransport.runtime.scheduling.jobscheduling.JobInfoSchedulerService"
132-->[com.google.android.datatransport:transport-runtime:3.1.9] AndroidManifest.xml:27:13-117
133            android:exported="false"
133-->[com.google.android.datatransport:transport-runtime:3.1.9] AndroidManifest.xml:28:13-37
134            android:permission="android.permission.BIND_JOB_SERVICE" >
134-->[com.google.android.datatransport:transport-runtime:3.1.9] AndroidManifest.xml:29:13-69
135        </service>
136
137        <receiver
137-->[com.google.android.datatransport:transport-runtime:3.1.9] AndroidManifest.xml:32:9-34:40
138            android:name="com.google.android.datatransport.runtime.scheduling.jobscheduling.AlarmManagerSchedulerBroadcastReceiver"
138-->[com.google.android.datatransport:transport-runtime:3.1.9] AndroidManifest.xml:33:13-132
139            android:exported="false" />
139-->[com.google.android.datatransport:transport-runtime:3.1.9] AndroidManifest.xml:34:13-37
140
141        <provider
141-->[com.google.firebase:firebase-common:21.0.0] AndroidManifest.xml:23:9-28:39
142            android:name="com.google.firebase.provider.FirebaseInitProvider"
142-->[com.google.firebase:firebase-common:21.0.0] AndroidManifest.xml:24:13-77
143            android:authorities="com.nexus.satellite.firebaseinitprovider"
143-->[com.google.firebase:firebase-common:21.0.0] AndroidManifest.xml:25:13-72
144            android:directBootAware="true"
144-->[com.google.firebase:firebase-common:21.0.0] AndroidManifest.xml:26:13-43
145            android:exported="false"
145-->[com.google.firebase:firebase-common:21.0.0] AndroidManifest.xml:27:13-37
146            android:initOrder="100" />
146-->[com.google.firebase:firebase-common:21.0.0] AndroidManifest.xml:28:13-36
147
148        <activity
148-->[com.google.android.gms:play-services-base:18.0.1] AndroidManifest.xml:20:9-22:45
149            android:name="com.google.android.gms.common.api.GoogleApiActivity"
149-->[com.google.android.gms:play-services-base:18.0.1] AndroidManifest.xml:20:19-85
150            android:exported="false"
150-->[com.google.android.gms:play-services-base:18.0.1] AndroidManifest.xml:22:19-43
151            android:theme="@android:style/Theme.Translucent.NoTitleBar" />
151-->[com.google.android.gms:play-services-base:18.0.1] AndroidManifest.xml:21:19-78
152
153        <provider
153-->[androidx.emoji2:emoji2:1.2.0] AndroidManifest.xml:24:9-32:20
154            android:name="androidx.startup.InitializationProvider"
154-->[androidx.emoji2:emoji2:1.2.0] AndroidManifest.xml:25:13-67
155            android:authorities="com.nexus.satellite.androidx-startup"
155-->[androidx.emoji2:emoji2:1.2.0] AndroidManifest.xml:26:13-68
156            android:exported="false" >
156-->[androidx.emoji2:emoji2:1.2.0] AndroidManifest.xml:27:13-37
157            <meta-data
157-->[androidx.emoji2:emoji2:1.2.0] AndroidManifest.xml:29:13-31:52
158                android:name="androidx.emoji2.text.EmojiCompatInitializer"
158-->[androidx.emoji2:emoji2:1.2.0] AndroidManifest.xml:30:17-75
159                android:value="androidx.startup" />
159-->[androidx.emoji2:emoji2:1.2.0] AndroidManifest.xml:31:17-49
160            <meta-data
160-->[androidx.lifecycle:lifecycle-process:2.6.1] AndroidManifest.xml:29:13-31:52
161                android:name="androidx.lifecycle.ProcessLifecycleInitializer"
161-->[androidx.lifecycle:lifecycle-process:2.6.1] AndroidManifest.xml:30:17-78
162                android:value="androidx.startup" />
162-->[androidx.lifecycle:lifecycle-process:2.6.1] AndroidManifest.xml:31:17-49
163            <meta-data
163-->[androidx.profileinstaller:profileinstaller:1.3.0] AndroidManifest.xml:29:13-31:52
164                android:name="androidx.profileinstaller.ProfileInstallerInitializer"
164-->[androidx.profileinstaller:profileinstaller:1.3.0] AndroidManifest.xml:30:17-85
165                android:value="androidx.startup" />
165-->[androidx.profileinstaller:profileinstaller:1.3.0] AndroidManifest.xml:31:17-49
166        </provider>
167
168        <meta-data
168-->[com.google.android.gms:play-services-basement:18.3.0] AndroidManifest.xml:21:9-23:69
169            android:name="com.google.android.gms.version"
169-->[com.google.android.gms:play-services-basement:18.3.0] AndroidManifest.xml:22:13-58
170            android:value="@integer/google_play_services_version" />
170-->[com.google.android.gms:play-services-basement:18.3.0] AndroidManifest.xml:23:13-66
171
172        <receiver
172-->[androidx.profileinstaller:profileinstaller:1.3.0] AndroidManifest.xml:34:9-52:20
173            android:name="androidx.profileinstaller.ProfileInstallReceiver"
173-->[androidx.profileinstaller:profileinstaller:1.3.0] AndroidManifest.xml:35:13-76
174            android:directBootAware="false"
174-->[androidx.profileinstaller:profileinstaller:1.3.0] AndroidManifest.xml:36:13-44
175            android:enabled="true"
175-->[androidx.profileinstaller:profileinstaller:1.3.0] AndroidManifest.xml:37:13-35
176            android:exported="true"
176-->[androidx.profileinstaller:profileinstaller:1.3.0] AndroidManifest.xml:38:13-36
177            android:permission="android.permission.DUMP" >
177-->[androidx.profileinstaller:profileinstaller:1.3.0] AndroidManifest.xml:39:13-57
178            <intent-filter>
178-->[androidx.profileinstaller:profileinstaller:1.3.0] AndroidManifest.xml:40:13-42:29
179                <action android:name="androidx.profileinstaller.action.INSTALL_PROFILE" />
179-->[androidx.profileinstaller:profileinstaller:1.3.0] AndroidManifest.xml:41:17-91
179-->[androidx.profileinstaller:profileinstaller:1.3.0] AndroidManifest.xml:41:25-88
180            </intent-filter>
181            <intent-filter>
181-->[androidx.profileinstaller:profileinstaller:1.3.0] AndroidManifest.xml:43:13-45:29
182                <action android:name="androidx.profileinstaller.action.SKIP_FILE" />
182-->[androidx.profileinstaller:profileinstaller:1.3.0] AndroidManifest.xml:44:17-85
182-->[androidx.profileinstaller:profileinstaller:1.3.0] AndroidManifest.xml:44:25-82
183            </intent-filter>
184            <intent-filter>
184-->[androidx.profileinstaller:profileinstaller:1.3.0] AndroidManifest.xml:46:13-48:29
185                <action android:name="androidx.profileinstaller.action.SAVE_PROFILE" />
185-->[androidx.profileinstaller:profileinstaller:1.3.0] AndroidManifest.xml:47:17-88
185-->[androidx.profileinstaller:profileinstaller:1.3.0] AndroidManifest.xml:47:25-85
186            </intent-filter>
187            <intent-filter>
187-->[androidx.profileinstaller:profileinstaller:1.3.0] AndroidManifest.xml:49:13-51:29
188                <action android:name="androidx.profileinstaller.action.BENCHMARK_OPERATION" />
188-->[androidx.profileinstaller:profileinstaller:1.3.0] AndroidManifest.xml:50:17-95
188-->[androidx.profileinstaller:profileinstaller:1.3.0] AndroidManifest.xml:50:25-92
189            </intent-filter>
190        </receiver>
191    </application>
192
193</manifest>